<?xml version="1.0" encoding="UTF-8" ?>
<testsuite tests="9" failures="0" name="testUnitaires.TestUnit" time="0.016" errors="0" skipped="0">
  <properties>
[...]
</properties>
  <testcase classname="testUnitaires.TestUnit" name="testSumResAttenduEgal5" time="0.016"/>
  <testcase classname="testUnitaires.TestUnit" name="testDivideResAttenduEgal3" time="0"/>
  <testcase classname="testUnitaires.TestUnit" name="testDivideArithmeticExceptionAttenduEgal" time="0"/>
  <testcase classname="testUnitaires.TestUnit" name="testMultiplyResAttenduEgal10" time="0"/>
  <testcase classname="testUnitaires.TestUnit" name="testMinElementResAttenduEgal" time="0"/>
  <testcase classname="testUnitaires.TestUnit" name="testMinusResAttenduEgal2" time="0"/>
  <testcase classname="testUnitaires.TestUnit" name="testMaxElementResAttenduEgal15" time="0"/>
  <testcase classname="testUnitaires.TestUnit" name="testMinResAttenduEgal2" time="0"/>
  <testcase classname="testUnitaires.TestUnit" name="testMaxResAttenduEgal5" time="0"/>
</testsuite>